# JRE version: Java(TM) SE Runtime Environment (17.0.1+12) (build 17.0.1+12-LTS-39)
# Java VM: Java HotSpot(TM) 64-Bit Server VM (17.0.1+12-LTS-39, mixed mode, sharing, tiered, compressed oops, compressed class ptrs, g1 gc, windows-amd64)
GC Precious Log:
 CPUs: 12 total, 12 available
 Memory: 7955M
 Large Page Support: Disabled
 NUMA Support: Disabled
 Compressed Oops: Enabled (32-bit)
 Heap Region Size: 1M
 Heap Min Capacity: 8M
 Heap Initial Capacity: 126M
 Heap Max Capacity: 1990M
 Pre-touch: Disabled
 Parallel Workers: 10
 Concurrent Workers: 3
 Concurrent Refinement Workers: 10
 Periodic GC: Disabled
Heap:
 garbage-first heap   total 135168K, used 57449K [0x0000000083a00000, 0x0000000100000000)
  region size 1024K, 15 young (15360K), 5 survivors (5120K)
 Metaspace       used 90453K, committed 91328K, reserved 1130496K
  class space    used 12306K, committed 12736K, reserved 1048576K
GC Heap History (20 events):
Event: 6.934 GC heap before
{Heap before GC invocations=23 (full 0):
 garbage-first heap   total 112640K, used 89432K [0x0000000083a00000, 0x0000000100000000)
  region size 1024K, 56 young (57344K), 7 survivors (7168K)
 Metaspace       used 76263K, committed 76928K, reserved 1122304K
  class space    used 10541K, committed 10816K, reserved 1048576K
}
Event: 6.938 GC heap after
{Heap after GC invocations=24 (full 0):
 garbage-first heap   total 112640K, used 40187K [0x0000000083a00000, 0x0000000100000000)
  region size 1024K, 4 young (4096K), 4 survivors (4096K)
 Metaspace       used 76263K, committed 76928K, reserved 1122304K
  class space    used 10541K, committed 10816K, reserved 1048576K
}
Event: 7.681 GC heap before
{Heap before GC invocations=24 (full 0):
 garbage-first heap   total 112640K, used 90363K [0x0000000083a00000, 0x0000000100000000)
  region size 1024K, 53 young (54272K), 4 survivors (4096K)
 Metaspace       used 81611K, committed 82240K, reserved 1122304K
  class space    used 11327K, committed 11648K, reserved 1048576K
}
Event: 7.687 GC heap after
{Heap after GC invocations=25 (full 0):
 garbage-first heap   total 135168K, used 43766K [0x0000000083a00000, 0x0000000100000000)
  region size 1024K, 7 young (7168K), 7 survivors (7168K)
 Metaspace       used 81611K, committed 82240K, reserved 1122304K
  class space    used 11327K, committed 11648K, reserved 1048576K
}
Event: 187.384 GC heap before
{Heap before GC invocations=25 (full 0):
 garbage-first heap   total 135168K, used 106230K [0x0000000083a00000, 0x0000000100000000)
  region size 1024K, 68 young (69632K), 7 survivors (7168K)
 Metaspace       used 86824K, committed 87488K, reserved 1130496K
  class space    used 12006K, committed 12288K, reserved 1048576K
}
Event: 187.393 GC heap after
{Heap after GC invocations=26 (full 0):
 garbage-first heap   total 135168K, used 45853K [0x0000000083a00000, 0x0000000100000000)
  region size 1024K, 6 young (6144K), 6 survivors (6144K)
 Metaspace       used 86824K, committed 87488K, reserved 1130496K
  class space    used 12006K, committed 12288K, reserved 1048576K
}
Event: 480.685 GC heap before
{Heap before GC invocations=26 (full 0):
 garbage-first heap   total 135168K, used 107293K [0x0000000083a00000, 0x0000000100000000)
  region size 1024K, 66 young (67584K), 6 survivors (6144K)
 Metaspace       used 86881K, committed 87488K, reserved 1130496K
  class space    used 12006K, committed 12288K, reserved 1048576K
}
Event: 480.699 GC heap after
{Heap after GC invocations=27 (full 0):
 garbage-first heap   total 135168K, used 45999K [0x0000000083a00000, 0x0000000100000000)
  region size 1024K, 2 young (2048K), 2 survivors (2048K)
 Metaspace       used 86881K, committed 87488K, reserved 1130496K
  class space    used 12006K, committed 12288K, reserved 1048576K
}
Event: 783.941 GC heap before
{Heap before GC invocations=27 (full 0):
 garbage-first heap   total 135168K, used 109487K [0x0000000083a00000, 0x0000000100000000)
  region size 1024K, 64 young (65536K), 2 survivors (2048K)
 Metaspace       used 86887K, committed 87488K, reserved 1130496K
  class space    used 12006K, committed 12288K, reserved 1048576K
}
Event: 783.945 GC heap after
{Heap after GC invocations=28 (full 0):
 garbage-first heap   total 135168K, used 45746K [0x0000000083a00000, 0x0000000100000000)
  region size 1024K, 2 young (2048K), 2 survivors (2048K)
 Metaspace       used 86887K, committed 87488K, reserved 1130496K
  class space    used 12006K, committed 12288K, reserved 1048576K
}
Event: 961.156 GC heap before
{Heap before GC invocations=28 (full 0):
 garbage-first heap   total 135168K, used 110258K [0x0000000083a00000, 0x0000000100000000)
  region size 1024K, 66 young (67584K), 2 survivors (2048K)
 Metaspace       used 88833K, committed 89664K, reserved 1130496K
  class space    used 12201K, committed 12608K, reserved 1048576K
}
Event: 961.160 GC heap after
{Heap after GC invocations=29 (full 0):
 garbage-first heap   total 135168K, used 47315K [0x0000000083a00000, 0x0000000100000000)
  region size 1024K, 4 young (4096K), 4 survivors (4096K)
 Metaspace       used 88833K, committed 89664K, reserved 1130496K
  class space    used 12201K, committed 12608K, reserved 1048576K
}
Event: 1191.477 GC heap before
{Heap before GC invocations=29 (full 0):
 garbage-first heap   total 135168K, used 110803K [0x0000000083a00000, 0x0000000100000000)
  region size 1024K, 66 young (67584K), 4 survivors (4096K)
 Metaspace       used 89767K, committed 90560K, reserved 1130496K
  class space    used 12272K, committed 12672K, reserved 1048576K
}
Event: 1191.480 GC heap after
{Heap after GC invocations=30 (full 0):
 garbage-first heap   total 135168K, used 47721K [0x0000000083a00000, 0x0000000100000000)
  region size 1024K, 4 young (4096K), 4 survivors (4096K)
 Metaspace       used 89767K, committed 90560K, reserved 1130496K
  class space    used 12272K, committed 12672K, reserved 1048576K
}
Event: 1493.889 GC heap before
{Heap before GC invocations=30 (full 0):
 garbage-first heap   total 135168K, used 111209K [0x0000000083a00000, 0x0000000100000000)
  region size 1024K, 66 young (67584K), 4 survivors (4096K)
 Metaspace       used 89769K, committed 90560K, reserved 1130496K
  class space    used 12272K, committed 12672K, reserved 1048576K
}
Event: 1493.892 GC heap after
{Heap after GC invocations=31 (full 0):
 garbage-first heap   total 135168K, used 47569K [0x0000000083a00000, 0x0000000100000000)
  region size 1024K, 4 young (4096K), 4 survivors (4096K)
 Metaspace       used 89769K, committed 90560K, reserved 1130496K
  class space    used 12272K, committed 12672K, reserved 1048576K
}
Event: 1646.697 GC heap before
{Heap before GC invocations=31 (full 0):
 garbage-first heap   total 135168K, used 113105K [0x0000000083a00000, 0x0000000100000000)
  region size 1024K, 68 young (69632K), 4 survivors (4096K)
 Metaspace       used 90128K, committed 90944K, reserved 1130496K
  class space    used 12287K, committed 12672K, reserved 1048576K
}
Event: 1646.707 GC heap after
{Heap after GC invocations=32 (full 0):
 garbage-first heap   total 135168K, used 47941K [0x0000000083a00000, 0x0000000100000000)
  region size 1024K, 4 young (4096K), 4 survivors (4096K)
 Metaspace       used 90128K, committed 90944K, reserved 1130496K
  class space    used 12287K, committed 12672K, reserved 1048576K
}
Event: 1779.280 GC heap before
{Heap before GC invocations=32 (full 0):
 garbage-first heap   total 135168K, used 113477K [0x0000000083a00000, 0x0000000100000000)
  region size 1024K, 68 young (69632K), 4 survivors (4096K)
 Metaspace       used 90395K, committed 91264K, reserved 1130496K
  class space    used 12303K, committed 12736K, reserved 1048576K
}
Event: 1779.288 GC heap after
{Heap after GC invocations=33 (full 0):
 garbage-first heap   total 135168K, used 48233K [0x0000000083a00000, 0x0000000100000000)
  region size 1024K, 5 young (5120K), 5 survivors (5120K)
 Metaspace       used 90395K, committed 91264K, reserved 1130496K
  class space    used 12303K, committed 12736K, reserved 1048576K
}

